SF:lib\app\screens\my_app.dart
DA:17,5
DA:19,5
DA:21,5
DA:33,5
LF:4
LH:4
end_of_record
SF:lib\app\screens\myhomepage\my_home_page.dart
DA:18,10
DA:36,5
DA:37,5
LF:3
LH:3
end_of_record
SF:lib\app\screens\myhomepage\my_home_page_state.dart
DA:25,2
DA:26,4
DA:32,2
DA:36,5
DA:44,5
DA:45,5
DA:48,15
DA:51,5
DA:54,5
DA:70,5
DA:71,5
DA:72,10
DA:74,5
DA:75,10
DA:76,15
DA:81,5
DA:82,5
LF:17
LH:17
end_of_record
SF:lib\app\screens\myhomepage\statecontroller\counter_store_mixin.dart
DA:25,2
DA:26,4
LF:2
LH:2
end_of_record
