SF:lib\app\screens\my_app.dart
DA:18,3
DA:20,3
DA:22,3
DA:34,3
LF:4
LH:4
end_of_record
SF:lib\app\screens\myhomepage\my_home_page.dart
DA:19,6
DA:37,3
DA:38,3
LF:3
LH:3
end_of_record
SF:lib\app\screens\myhomepage\my_home_page_state.dart
DA:26,1
DA:27,2
DA:33,1
DA:37,3
DA:45,3
DA:46,3
DA:49,9
DA:52,3
DA:55,3
DA:71,3
DA:72,3
DA:73,6
DA:75,3
DA:76,6
DA:77,9
DA:82,3
DA:83,3
LF:17
LH:17
end_of_record
SF:lib\app\screens\myhomepage\statecontroller\counter_store_mixin.dart
DA:25,1
DA:26,2
LF:2
LH:2
end_of_record
